<?xml version="1.0" encoding="UTF-8"?>
<testng-results ignored="0" total="2" passed="2" failed="0" skipped="0">
  <reporter-output>
  </reporter-output>
  <suite started-at="2020-08-16T14:37:48 EEST" name="AppiumTests.FirstTest" finished-at="2020-08-16T14:38:30 EEST" duration-ms="41468">
    <groups>
    </groups>
    <test started-at="2020-08-16T14:37:48 EEST" name="Command line test" finished-at="2020-08-16T14:38:30 EEST" duration-ms="41468">
      <class name="AppiumTests.FirstTest">
        <test-method signature="test()[pri:0, instance:AppiumTests.FirstTest@40f08448]" started-at="2020-08-16T14:37:48 EEST" name="test" finished-at="2020-08-16T14:38:08 EEST" duration-ms="19625" status="PASS">
          <reporter-output>
          </reporter-output>
        </test-method> <!-- test -->
        <test-method signature="wifiSettings()[pri:0, instance:AppiumTests.FirstTest@40f08448]" started-at="2020-08-16T14:38:08 EEST" name="wifiSettings" finished-at="2020-08-16T14:38:30 EEST" duration-ms="21809" status="PASS">
          <reporter-output>
          </reporter-output>
        </test-method> <!-- wifiSettings -->
      </class> <!-- AppiumTests.FirstTest -->
    </test> <!-- Command line test -->
  </suite> <!-- AppiumTests.FirstTest -->
</testng-results>
